[2019-12-23 15:55:23] app.ERROR: Class "AdminLinkWidgetController" not found in controllers/admin [] []
[2019-12-23 15:56:08] app.INFO: Exporting mail with theme modern for language English (English) [] []
[2019-12-23 15:56:08] app.INFO: Core output folder: C:\xampp\htdocs\BabyBunns/mails [] []
[2019-12-23 15:56:08] app.INFO: Modules output folder: C:\xampp\htdocs\BabyBunns/modules/ [] []
[2019-12-23 15:56:38] app.INFO: Exporting mail with theme modern for language Indonesia (Indonesia) [] []
[2019-12-23 15:56:38] app.INFO: Core output folder: C:\xampp\htdocs\BabyBunns/mails [] []
[2019-12-23 15:56:39] app.INFO: Modules output folder: C:\xampp\htdocs\BabyBunns/modules/ [] []
[2019-12-23 15:58:26] app.ERROR: Data from PrestaShop Addons is invalid, and cannot fallback on cache.  {"exception":"cURL error 28: Operation timed out after 5000 milliseconds with 944089646235648 bytes received"} []
[2019-12-23 15:59:32] app.ERROR: Data from PrestaShop Addons is invalid, and cannot fallback on cache.  {"exception":"cURL error 28: Operation timed out after 5016 milliseconds with 1299201837236224 bytes received"} []
[2019-12-23 23:35:18] request.CRITICAL: Uncaught PHP Exception Symfony\Component\Debug\Exception\FatalErrorException: "Error: Maximum execution time of 30 seconds exceeded" at C:\xampp\htdocs\BabyBunns\classes\Tools.php line 2153 {"exception":"[object] (Symfony\\Component\\Debug\\Exception\\FatalErrorException(code: 0): Error: Maximum execution time of 30 seconds exceeded at C:\\xampp\\htdocs\\BabyBunns\\classes\\Tools.php:2153)"} []
[2019-12-25 01:43:45] request.CRITICAL: Uncaught PHP Exception Symfony\Component\Debug\Exception\FatalErrorException: "Error: Maximum execution time of 30 seconds exceeded" at C:\xampp\htdocs\BabyBunns\classes\db\DbPDO.php line 156 {"exception":"[object] (Symfony\\Component\\Debug\\Exception\\FatalErrorException(code: 0): Error: Maximum execution time of 30 seconds exceeded at C:\\xampp\\htdocs\\BabyBunns\\classes\\db\\DbPDO.php:156)"} []
[2019-12-25 01:43:45] request.CRITICAL: Uncaught PHP Exception Symfony\Component\Debug\Exception\FatalErrorException: "Error: Maximum execution time of 30 seconds exceeded" at C:\xampp\htdocs\BabyBunns\vendor\symfony\symfony\src\Symfony\Component\HttpFoundation\Session\Storage\Handler\StrictSessionHandler.php line 48 {"exception":"[object] (Symfony\\Component\\Debug\\Exception\\FatalErrorException(code: 0): Error: Maximum execution time of 30 seconds exceeded at C:\\xampp\\htdocs\\BabyBunns\\vendor\\symfony\\symfony\\src\\Symfony\\Component\\HttpFoundation\\Session\\Storage\\Handler\\StrictSessionHandler.php:48)"} []
[2019-12-25 16:05:09] app.ERROR: Data from PrestaShop Addons is invalid, and cannot fallback on cache.  {"exception":"cURL error 28: Operation timed out after 5015 milliseconds with 121006408597504 bytes received"} []
[2019-12-25 20:33:05] request.CRITICAL: Uncaught PHP Exception Symfony\Component\Debug\Exception\FatalErrorException: "Error: Maximum execution time of 30 seconds exceeded" at C:\xampp\htdocs\BabyBunns\classes\Tools.php line 2153 {"exception":"[object] (Symfony\\Component\\Debug\\Exception\\FatalErrorException(code: 0): Error: Maximum execution time of 30 seconds exceeded at C:\\xampp\\htdocs\\BabyBunns\\classes\\Tools.php:2153)"} []
[2019-12-25 20:40:43] request.CRITICAL: Uncaught PHP Exception Symfony\Component\Debug\Exception\FatalErrorException: "Error: Maximum execution time of 30 seconds exceeded" at C:\xampp\htdocs\BabyBunns\classes\Tools.php line 2153 {"exception":"[object] (Symfony\\Component\\Debug\\Exception\\FatalErrorException(code: 0): Error: Maximum execution time of 30 seconds exceeded at C:\\xampp\\htdocs\\BabyBunns\\classes\\Tools.php:2153)"} []
[2019-12-25 20:40:43] request.CRITICAL: Uncaught PHP Exception Symfony\Component\Debug\Exception\FatalErrorException: "Error: Maximum execution time of 30 seconds exceeded" at C:\xampp\htdocs\BabyBunns\vendor\symfony\symfony\src\Symfony\Component\HttpFoundation\Session\Storage\Handler\StrictSessionHandler.php line 48 {"exception":"[object] (Symfony\\Component\\Debug\\Exception\\FatalErrorException(code: 0): Error: Maximum execution time of 30 seconds exceeded at C:\\xampp\\htdocs\\BabyBunns\\vendor\\symfony\\symfony\\src\\Symfony\\Component\\HttpFoundation\\Session\\Storage\\Handler\\StrictSessionHandler.php:48)"} []
[2019-12-25 20:50:50] request.CRITICAL: Uncaught PHP Exception Symfony\Component\Debug\Exception\FatalErrorException: "Error: Maximum execution time of 30 seconds exceeded" at C:\xampp\htdocs\BabyBunns\classes\Tools.php line 2153 {"exception":"[object] (Symfony\\Component\\Debug\\Exception\\FatalErrorException(code: 0): Error: Maximum execution time of 30 seconds exceeded at C:\\xampp\\htdocs\\BabyBunns\\classes\\Tools.php:2153)"} []
[2019-12-25 21:01:34] app.INFO: Exporting mail with theme modern for language English (English) [] []
[2019-12-25 21:01:35] app.INFO: Core output folder: C:\xampp\htdocs\BabyBunns/mails [] []
[2019-12-25 21:01:35] app.INFO: Modules output folder: C:\xampp\htdocs\BabyBunns/modules/ [] []
[2019-12-25 21:01:43] app.INFO: Exporting mail with theme modern for language Indonesia (Indonesia) [] []
[2019-12-25 21:01:43] app.INFO: Core output folder: C:\xampp\htdocs\BabyBunns/mails [] []
[2019-12-25 21:01:43] app.INFO: Modules output folder: C:\xampp\htdocs\BabyBunns/modules/ [] []
[2019-12-25 21:01:44] request.CRITICAL: Uncaught PHP Exception Symfony\Component\Debug\Exception\FatalErrorException: "Error: Maximum execution time of 30 seconds exceeded" at C:\xampp\htdocs\BabyBunns\classes\db\DbPDO.php line 156 {"exception":"[object] (Symfony\\Component\\Debug\\Exception\\FatalErrorException(code: 0): Error: Maximum execution time of 30 seconds exceeded at C:\\xampp\\htdocs\\BabyBunns\\classes\\db\\DbPDO.php:156)"} []
